<?xml version="1.0" encoding="UTF-8"?>
<!-- Generated by org.testng.reporters.JUnitReportReporter -->
<testsuite hostname="DESKTOP-LH0J233" failures="0" tests="1" name="test_maven.Internshala_test" time="33.884" errors="0" timestamp="2023-10-28T14:44:54 IST" skipped="0">
  <testcase classname="test_maven.Internshala_test" name="test" time="33.884"/>
</testsuite> <!-- test_maven.Internshala_test -->
